Warning[205] E:\IFRN\MICROCONTROLADORES\TREINAMENTO_PIC\RELÛGIO\RELOGIO.ASM 11 : Found directive in column 1. (CONFIG)
Warning[205] E:\IFRN\MICROCONTROLADORES\TREINAMENTO_PIC\RELÛGIO\RELOGIO.ASM 12 : Found directive in column 1. (CONFIG)
Warning[205] E:\IFRN\MICROCONTROLADORES\TREINAMENTO_PIC\RELÛGIO\RELOGIO.ASM 13 : Found directive in column 1. (CONFIG)
Warning[205] E:\IFRN\MICROCONTROLADORES\TREINAMENTO_PIC\RELÛGIO\RELOGIO.ASM 14 : Found directive in column 1. (CONFIG)
Warning[205] E:\IFRN\MICROCONTROLADORES\TREINAMENTO_PIC\RELÛGIO\RELOGIO.ASM 15 : Found directive in column 1. (CONFIG)
Warning[205] E:\IFRN\MICROCONTROLADORES\TREINAMENTO_PIC\RELÛGIO\RELOGIO.ASM 16 : Found directive in column 1. (CONFIG)
Warning[205] E:\IFRN\MICROCONTROLADORES\TREINAMENTO_PIC\RELÛGIO\RELOGIO.ASM 20 : Found directive in column 1. (org)
Warning[203] E:\IFRN\MICROCONTROLADORES\TREINAMENTO_PIC\RELÛGIO\RELOGIO.ASM 21 : Found opcode in column 1. (goto)
Warning[205] E:\IFRN\MICROCONTROLADORES\TREINAMENTO_PIC\RELÛGIO\RELOGIO.ASM 23 : Found directive in column 1. (org)
Warning[203] E:\IFRN\MICROCONTROLADORES\TREINAMENTO_PIC\RELÛGIO\RELOGIO.ASM 25 : Found opcode in column 1. (bcf)
Warning[203] E:\IFRN\MICROCONTROLADORES\TREINAMENTO_PIC\RELÛGIO\RELOGIO.ASM 26 : Found opcode in column 1. (movlw)
Warning[203] E:\IFRN\MICROCONTROLADORES\TREINAMENTO_PIC\RELÛGIO\RELOGIO.ASM 27 : Found opcode in column 1. (movwf)
Warning[203] E:\IFRN\MICROCONTROLADORES\TREINAMENTO_PIC\RELÛGIO\RELOGIO.ASM 28 : Found opcode in column 1. (movlw)
Warning[203] E:\IFRN\MICROCONTROLADORES\TREINAMENTO_PIC\RELÛGIO\RELOGIO.ASM 29 : Found opcode in column 1. (movwf)
Warning[203] E:\IFRN\MICROCONTROLADORES\TREINAMENTO_PIC\RELÛGIO\RELOGIO.ASM 30 : Found opcode in column 1. (incf)
Warning[203] E:\IFRN\MICROCONTROLADORES\TREINAMENTO_PIC\RELÛGIO\RELOGIO.ASM 31 : Found opcode in column 1. (retfie)
Warning[205] E:\IFRN\MICROCONTROLADORES\TREINAMENTO_PIC\RELÛGIO\RELOGIO.ASM 33 : Found directive in column 1. (org)
Warning[203] E:\IFRN\MICROCONTROLADORES\TREINAMENTO_PIC\RELÛGIO\RELOGIO.ASM 35 : Found opcode in column 1. (bcf)
Warning[203] E:\IFRN\MICROCONTROLADORES\TREINAMENTO_PIC\RELÛGIO\RELOGIO.ASM 36 : Found opcode in column 1. (movlw)
Warning[203] E:\IFRN\MICROCONTROLADORES\TREINAMENTO_PIC\RELÛGIO\RELOGIO.ASM 37 : Found opcode in column 1. (movwf)
Warning[203] E:\IFRN\MICROCONTROLADORES\TREINAMENTO_PIC\RELÛGIO\RELOGIO.ASM 38 : Found opcode in column 1. (movlw)
Warning[203] E:\IFRN\MICROCONTROLADORES\TREINAMENTO_PIC\RELÛGIO\RELOGIO.ASM 39 : Found opcode in column 1. (movwf)
Warning[203] E:\IFRN\MICROCONTROLADORES\TREINAMENTO_PIC\RELÛGIO\RELOGIO.ASM 41 : Found opcode in column 1. (movf)
Warning[203] E:\IFRN\MICROCONTROLADORES\TREINAMENTO_PIC\RELÛGIO\RELOGIO.ASM 42 : Found opcode in column 1. (RCALL)
Warning[203] E:\IFRN\MICROCONTROLADORES\TREINAMENTO_PIC\RELÛGIO\RELOGIO.ASM 43 : Found opcode in column 1. (bcf)
Warning[203] E:\IFRN\MICROCONTROLADORES\TREINAMENTO_PIC\RELÛGIO\RELOGIO.ASM 44 : Found opcode in column 1. (movwf)
Warning[203] E:\IFRN\MICROCONTROLADORES\TREINAMENTO_PIC\RELÛGIO\RELOGIO.ASM 45 : Found opcode in column 1. (bsf)
Warning[203] E:\IFRN\MICROCONTROLADORES\TREINAMENTO_PIC\RELÛGIO\RELOGIO.ASM 47 : Found opcode in column 1. (movf)
Warning[203] E:\IFRN\MICROCONTROLADORES\TREINAMENTO_PIC\RELÛGIO\RELOGIO.ASM 48 : Found opcode in column 1. (RCALL)
Warning[203] E:\IFRN\MICROCONTROLADORES\TREINAMENTO_PIC\RELÛGIO\RELOGIO.ASM 49 : Found opcode in column 1. (bcf)
Warning[203] E:\IFRN\MICROCONTROLADORES\TREINAMENTO_PIC\RELÛGIO\RELOGIO.ASM 50 : Found opcode in column 1. (movwf)
Warning[203] E:\IFRN\MICROCONTROLADORES\TREINAMENTO_PIC\RELÛGIO\RELOGIO.ASM 51 : Found opcode in column 1. (bsf)
Warning[203] E:\IFRN\MICROCONTROLADORES\TREINAMENTO_PIC\RELÛGIO\RELOGIO.ASM 53 : Found opcode in column 1. (movf)
Warning[203] E:\IFRN\MICROCONTROLADORES\TREINAMENTO_PIC\RELÛGIO\RELOGIO.ASM 54 : Found opcode in column 1. (RCALL)
Warning[203] E:\IFRN\MICROCONTROLADORES\TREINAMENTO_PIC\RELÛGIO\RELOGIO.ASM 55 : Found opcode in column 1. (bcf)
Warning[203] E:\IFRN\MICROCONTROLADORES\TREINAMENTO_PIC\RELÛGIO\RELOGIO.ASM 56 : Found opcode in column 1. (movwf)
Warning[203] E:\IFRN\MICROCONTROLADORES\TREINAMENTO_PIC\RELÛGIO\RELOGIO.ASM 57 : Found opcode in column 1. (bsf)
Warning[203] E:\IFRN\MICROCONTROLADORES\TREINAMENTO_PIC\RELÛGIO\RELOGIO.ASM 59 : Found opcode in column 1. (retfie)
Warning[203] E:\IFRN\MICROCONTROLADORES\TREINAMENTO_PIC\RELÛGIO\RELOGIO.ASM 63 : Found opcode in column 1. (andlw)
Warning[203] E:\IFRN\MICROCONTROLADORES\TREINAMENTO_PIC\RELÛGIO\RELOGIO.ASM 64 : Found opcode in column 1. (RLNCF)
Warning[203] E:\IFRN\MICROCONTROLADORES\TREINAMENTO_PIC\RELÛGIO\RELOGIO.ASM 65 : Found opcode in column 1. (addwf)
Warning[203] E:\IFRN\MICROCONTROLADORES\TREINAMENTO_PIC\RELÛGIO\RELOGIO.ASM 68 : Found opcode in column 1. (RETLW)
Warning[203] E:\IFRN\MICROCONTROLADORES\TREINAMENTO_PIC\RELÛGIO\RELOGIO.ASM 69 : Found opcode in column 1. (RETLW)
Warning[203] E:\IFRN\MICROCONTROLADORES\TREINAMENTO_PIC\RELÛGIO\RELOGIO.ASM 70 : Found opcode in column 1. (RETLW)
Warning[203] E:\IFRN\MICROCONTROLADORES\TREINAMENTO_PIC\RELÛGIO\RELOGIO.ASM 71 : Found opcode in column 1. (RETLW)
Warning[203] E:\IFRN\MICROCONTROLADORES\TREINAMENTO_PIC\RELÛGIO\RELOGIO.ASM 72 : Found opcode in column 1. (RETLW)
Warning[203] E:\IFRN\MICROCONTROLADORES\TREINAMENTO_PIC\RELÛGIO\RELOGIO.ASM 73 : Found opcode in column 1. (RETLW)
Warning[203] E:\IFRN\MICROCONTROLADORES\TREINAMENTO_PIC\RELÛGIO\RELOGIO.ASM 74 : Found opcode in column 1. (RETLW)
Warning[203] E:\IFRN\MICROCONTROLADORES\TREINAMENTO_PIC\RELÛGIO\RELOGIO.ASM 75 : Found opcode in column 1. (RETLW)
Warning[203] E:\IFRN\MICROCONTROLADORES\TREINAMENTO_PIC\RELÛGIO\RELOGIO.ASM 76 : Found opcode in column 1. (RETLW)
Warning[203] E:\IFRN\MICROCONTROLADORES\TREINAMENTO_PIC\RELÛGIO\RELOGIO.ASM 77 : Found opcode in column 1. (RETLW)
Warning[203] E:\IFRN\MICROCONTROLADORES\TREINAMENTO_PIC\RELÛGIO\RELOGIO.ASM 83 : Found opcode in column 1. (movlw)
Warning[203] E:\IFRN\MICROCONTROLADORES\TREINAMENTO_PIC\RELÛGIO\RELOGIO.ASM 84 : Found opcode in column 1. (movwf)
Warning[203] E:\IFRN\MICROCONTROLADORES\TREINAMENTO_PIC\RELÛGIO\RELOGIO.ASM 85 : Found opcode in column 1. (movlw)
Warning[203] E:\IFRN\MICROCONTROLADORES\TREINAMENTO_PIC\RELÛGIO\RELOGIO.ASM 86 : Found opcode in column 1. (movwf)
Warning[203] E:\IFRN\MICROCONTROLADORES\TREINAMENTO_PIC\RELÛGIO\RELOGIO.ASM 87 : Found opcode in column 1. (movlw)
Warning[203] E:\IFRN\MICROCONTROLADORES\TREINAMENTO_PIC\RELÛGIO\RELOGIO.ASM 88 : Found opcode in column 1. (movwf)
Warning[203] E:\IFRN\MICROCONTROLADORES\TREINAMENTO_PIC\RELÛGIO\RELOGIO.ASM 89 : Found opcode in column 1. (movlw)
Warning[203] E:\IFRN\MICROCONTROLADORES\TREINAMENTO_PIC\RELÛGIO\RELOGIO.ASM 90 : Found opcode in column 1. (movwf)
Warning[203] E:\IFRN\MICROCONTROLADORES\TREINAMENTO_PIC\RELÛGIO\RELOGIO.ASM 92 : Found opcode in column 1. (movlw)
Warning[203] E:\IFRN\MICROCONTROLADORES\TREINAMENTO_PIC\RELÛGIO\RELOGIO.ASM 93 : Found opcode in column 1. (movwf)
Warning[203] E:\IFRN\MICROCONTROLADORES\TREINAMENTO_PIC\RELÛGIO\RELOGIO.ASM 95 : Found opcode in column 1. (movlw)
Warning[203] E:\IFRN\MICROCONTROLADORES\TREINAMENTO_PIC\RELÛGIO\RELOGIO.ASM 96 : Found opcode in column 1. (movwf)
Warning[203] E:\IFRN\MICROCONTROLADORES\TREINAMENTO_PIC\RELÛGIO\RELOGIO.ASM 97 : Found opcode in column 1. (movlw)
Warning[203] E:\IFRN\MICROCONTROLADORES\TREINAMENTO_PIC\RELÛGIO\RELOGIO.ASM 98 : Found opcode in column 1. (movwf)
Warning[203] E:\IFRN\MICROCONTROLADORES\TREINAMENTO_PIC\RELÛGIO\RELOGIO.ASM 100 : Found opcode in column 1. (movlw)
Warning[203] E:\IFRN\MICROCONTROLADORES\TREINAMENTO_PIC\RELÛGIO\RELOGIO.ASM 101 : Found opcode in column 1. (movwf)
Warning[203] E:\IFRN\MICROCONTROLADORES\TREINAMENTO_PIC\RELÛGIO\RELOGIO.ASM 102 : Found opcode in column 1. (movlw)
Warning[203] E:\IFRN\MICROCONTROLADORES\TREINAMENTO_PIC\RELÛGIO\RELOGIO.ASM 103 : Found opcode in column 1. (movwf)
Warning[203] E:\IFRN\MICROCONTROLADORES\TREINAMENTO_PIC\RELÛGIO\RELOGIO.ASM 105 : Found opcode in column 1. (movlw)
Warning[203] E:\IFRN\MICROCONTROLADORES\TREINAMENTO_PIC\RELÛGIO\RELOGIO.ASM 106 : Found opcode in column 1. (movwf)
Warning[203] E:\IFRN\MICROCONTROLADORES\TREINAMENTO_PIC\RELÛGIO\RELOGIO.ASM 107 : Found opcode in column 1. (movlw)
Warning[203] E:\IFRN\MICROCONTROLADORES\TREINAMENTO_PIC\RELÛGIO\RELOGIO.ASM 108 : Found opcode in column 1. (movwf)
Warning[203] E:\IFRN\MICROCONTROLADORES\TREINAMENTO_PIC\RELÛGIO\RELOGIO.ASM 110 : Found opcode in column 1. (bsf)
Warning[203] E:\IFRN\MICROCONTROLADORES\TREINAMENTO_PIC\RELÛGIO\RELOGIO.ASM 111 : Found opcode in column 1. (movlw)
Warning[203] E:\IFRN\MICROCONTROLADORES\TREINAMENTO_PIC\RELÛGIO\RELOGIO.ASM 112 : Found opcode in column 1. (movwf)
Warning[203] E:\IFRN\MICROCONTROLADORES\TREINAMENTO_PIC\RELÛGIO\RELOGIO.ASM 113 : Found opcode in column 1. (movlw)
Warning[203] E:\IFRN\MICROCONTROLADORES\TREINAMENTO_PIC\RELÛGIO\RELOGIO.ASM 114 : Found opcode in column 1. (movwf)
Warning[203] E:\IFRN\MICROCONTROLADORES\TREINAMENTO_PIC\RELÛGIO\RELOGIO.ASM 115 : Found opcode in column 1. (bcf)
Warning[203] E:\IFRN\MICROCONTROLADORES\TREINAMENTO_PIC\RELÛGIO\RELOGIO.ASM 116 : Found opcode in column 1. (bsf)
Warning[203] E:\IFRN\MICROCONTROLADORES\TREINAMENTO_PIC\RELÛGIO\RELOGIO.ASM 121 : Found opcode in column 1. (movlw)
Warning[203] E:\IFRN\MICROCONTROLADORES\TREINAMENTO_PIC\RELÛGIO\RELOGIO.ASM 122 : Found opcode in column 1. (CPFSEQ)
Warning[203] E:\IFRN\MICROCONTROLADORES\TREINAMENTO_PIC\RELÛGIO\RELOGIO.ASM 123 : Found opcode in column 1. (goto)
Warning[203] E:\IFRN\MICROCONTROLADORES\TREINAMENTO_PIC\RELÛGIO\RELOGIO.ASM 124 : Found opcode in column 1. (goto)
Warning[203] E:\IFRN\MICROCONTROLADORES\TREINAMENTO_PIC\RELÛGIO\RELOGIO.ASM 128 : Found opcode in column 1. (movf)
Warning[203] E:\IFRN\MICROCONTROLADORES\TREINAMENTO_PIC\RELÛGIO\RELOGIO.ASM 129 : Found opcode in column 1. (RCALL)
Warning[203] E:\IFRN\MICROCONTROLADORES\TREINAMENTO_PIC\RELÛGIO\RELOGIO.ASM 130 : Found opcode in column 1. (bcf)
Warning[203] E:\IFRN\MICROCONTROLADORES\TREINAMENTO_PIC\RELÛGIO\RELOGIO.ASM 131 : Found opcode in column 1. (movwf)
Warning[203] E:\IFRN\MICROCONTROLADORES\TREINAMENTO_PIC\RELÛGIO\RELOGIO.ASM 132 : Found opcode in column 1. (bsf)
Warning[203] E:\IFRN\MICROCONTROLADORES\TREINAMENTO_PIC\RELÛGIO\RELOGIO.ASM 134 : Found opcode in column 1. (movf)
Warning[203] E:\IFRN\MICROCONTROLADORES\TREINAMENTO_PIC\RELÛGIO\RELOGIO.ASM 135 : Found opcode in column 1. (RCALL)
Warning[203] E:\IFRN\MICROCONTROLADORES\TREINAMENTO_PIC\RELÛGIO\RELOGIO.ASM 136 : Found opcode in column 1. (bcf)
Warning[203] E:\IFRN\MICROCONTROLADORES\TREINAMENTO_PIC\RELÛGIO\RELOGIO.ASM 137 : Found opcode in column 1. (movwf)
Warning[203] E:\IFRN\MICROCONTROLADORES\TREINAMENTO_PIC\RELÛGIO\RELOGIO.ASM 138 : Found opcode in column 1. (bsf)
Warning[203] E:\IFRN\MICROCONTROLADORES\TREINAMENTO_PIC\RELÛGIO\RELOGIO.ASM 140 : Found opcode in column 1. (movf)
Warning[203] E:\IFRN\MICROCONTROLADORES\TREINAMENTO_PIC\RELÛGIO\RELOGIO.ASM 141 : Found opcode in column 1. (RCALL)
Warning[203] E:\IFRN\MICROCONTROLADORES\TREINAMENTO_PIC\RELÛGIO\RELOGIO.ASM 142 : Found opcode in column 1. (bcf)
Warning[203] E:\IFRN\MICROCONTROLADORES\TREINAMENTO_PIC\RELÛGIO\RELOGIO.ASM 143 : Found opcode in column 1. (movwf)
Warning[203] E:\IFRN\MICROCONTROLADORES\TREINAMENTO_PIC\RELÛGIO\RELOGIO.ASM 144 : Found opcode in column 1. (bsf)
Warning[203] E:\IFRN\MICROCONTROLADORES\TREINAMENTO_PIC\RELÛGIO\RELOGIO.ASM 146 : Found opcode in column 1. (goto)
Warning[203] E:\IFRN\MICROCONTROLADORES\TREINAMENTO_PIC\RELÛGIO\RELOGIO.ASM 150 : Found opcode in column 1. (clrf)
Warning[203] E:\IFRN\MICROCONTROLADORES\TREINAMENTO_PIC\RELÛGIO\RELOGIO.ASM 151 : Found opcode in column 1. (movlw)
Warning[203] E:\IFRN\MICROCONTROLADORES\TREINAMENTO_PIC\RELÛGIO\RELOGIO.ASM 152 : Found opcode in column 1. (CPFSEQ)
Warning[203] E:\IFRN\MICROCONTROLADORES\TREINAMENTO_PIC\RELÛGIO\RELOGIO.ASM 153 : Found opcode in column 1. (goto)
Warning[203] E:\IFRN\MICROCONTROLADORES\TREINAMENTO_PIC\RELÛGIO\RELOGIO.ASM 154 : Found opcode in column 1. (goto)
Warning[203] E:\IFRN\MICROCONTROLADORES\TREINAMENTO_PIC\RELÛGIO\RELOGIO.ASM 158 : Found opcode in column 1. (incf)
Warning[203] E:\IFRN\MICROCONTROLADORES\TREINAMENTO_PIC\RELÛGIO\RELOGIO.ASM 159 : Found opcode in column 1. (goto)
Warning[203] E:\IFRN\MICROCONTROLADORES\TREINAMENTO_PIC\RELÛGIO\RELOGIO.ASM 163 : Found opcode in column 1. (clrf)
Warning[203] E:\IFRN\MICROCONTROLADORES\TREINAMENTO_PIC\RELÛGIO\RELOGIO.ASM 164 : Found opcode in column 1. (incf)
Warning[203] E:\IFRN\MICROCONTROLADORES\TREINAMENTO_PIC\RELÛGIO\RELOGIO.ASM 165 : Found opcode in column 1. (movlw)
Warning[203] E:\IFRN\MICROCONTROLADORES\TREINAMENTO_PIC\RELÛGIO\RELOGIO.ASM 166 : Found opcode in column 1. (CPFSEQ)
Warning[203] E:\IFRN\MICROCONTROLADORES\TREINAMENTO_PIC\RELÛGIO\RELOGIO.ASM 167 : Found opcode in column 1. (goto)
Warning[203] E:\IFRN\MICROCONTROLADORES\TREINAMENTO_PIC\RELÛGIO\RELOGIO.ASM 168 : Found opcode in column 1. (clrf)
Warning[203] E:\IFRN\MICROCONTROLADORES\TREINAMENTO_PIC\RELÛGIO\RELOGIO.ASM 169 : Found opcode in column 1. (movlw)
Warning[203] E:\IFRN\MICROCONTROLADORES\TREINAMENTO_PIC\RELÛGIO\RELOGIO.ASM 170 : Found opcode in column 1. (CPFSEQ)
Warning[203] E:\IFRN\MICROCONTROLADORES\TREINAMENTO_PIC\RELÛGIO\RELOGIO.ASM 171 : Found opcode in column 1. (goto)
Warning[203] E:\IFRN\MICROCONTROLADORES\TREINAMENTO_PIC\RELÛGIO\RELOGIO.ASM 172 : Found opcode in column 1. (goto)
Warning[203] E:\IFRN\MICROCONTROLADORES\TREINAMENTO_PIC\RELÛGIO\RELOGIO.ASM 176 : Found opcode in column 1. (incf)
Warning[203] E:\IFRN\MICROCONTROLADORES\TREINAMENTO_PIC\RELÛGIO\RELOGIO.ASM 177 : Found opcode in column 1. (goto)
Warning[203] E:\IFRN\MICROCONTROLADORES\TREINAMENTO_PIC\RELÛGIO\RELOGIO.ASM 181 : Found opcode in column 1. (clrf)
Warning[203] E:\IFRN\MICROCONTROLADORES\TREINAMENTO_PIC\RELÛGIO\RELOGIO.ASM 182 : Found opcode in column 1. (incf)
Warning[203] E:\IFRN\MICROCONTROLADORES\TREINAMENTO_PIC\RELÛGIO\RELOGIO.ASM 183 : Found opcode in column 1. (movlw)
Warning[203] E:\IFRN\MICROCONTROLADORES\TREINAMENTO_PIC\RELÛGIO\RELOGIO.ASM 184 : Found opcode in column 1. (CPFSEQ)
Warning[203] E:\IFRN\MICROCONTROLADORES\TREINAMENTO_PIC\RELÛGIO\RELOGIO.ASM 185 : Found opcode in column 1. (goto)
Warning[203] E:\IFRN\MICROCONTROLADORES\TREINAMENTO_PIC\RELÛGIO\RELOGIO.ASM 186 : Found opcode in column 1. (clrf)
Warning[203] E:\IFRN\MICROCONTROLADORES\TREINAMENTO_PIC\RELÛGIO\RELOGIO.ASM 187 : Found opcode in column 1. (incf)
Warning[203] E:\IFRN\MICROCONTROLADORES\TREINAMENTO_PIC\RELÛGIO\RELOGIO.ASM 188 : Found opcode in column 1. (goto)
Warning[203] E:\IFRN\MICROCONTROLADORES\TREINAMENTO_PIC\RELÛGIO\RELOGIO.ASM 192 : Found opcode in column 1. (movlw)
Warning[203] E:\IFRN\MICROCONTROLADORES\TREINAMENTO_PIC\RELÛGIO\RELOGIO.ASM 193 : Found opcode in column 1. (CPFSEQ)
Warning[203] E:\IFRN\MICROCONTROLADORES\TREINAMENTO_PIC\RELÛGIO\RELOGIO.ASM 194 : Found opcode in column 1. (goto)
Warning[203] E:\IFRN\MICROCONTROLADORES\TREINAMENTO_PIC\RELÛGIO\RELOGIO.ASM 195 : Found opcode in column 1. (movlw)
Warning[203] E:\IFRN\MICROCONTROLADORES\TREINAMENTO_PIC\RELÛGIO\RELOGIO.ASM 196 : Found opcode in column 1. (CPFSEQ)
Warning[203] E:\IFRN\MICROCONTROLADORES\TREINAMENTO_PIC\RELÛGIO\RELOGIO.ASM 197 : Found opcode in column 1. (goto)
Warning[203] E:\IFRN\MICROCONTROLADORES\TREINAMENTO_PIC\RELÛGIO\RELOGIO.ASM 198 : Found opcode in column 1. (clrf)
Warning[203] E:\IFRN\MICROCONTROLADORES\TREINAMENTO_PIC\RELÛGIO\RELOGIO.ASM 199 : Found opcode in column 1. (clrf)
Warning[203] E:\IFRN\MICROCONTROLADORES\TREINAMENTO_PIC\RELÛGIO\RELOGIO.ASM 200 : Found opcode in column 1. (goto)
Warning[205] E:\IFRN\MICROCONTROLADORES\TREINAMENTO_PIC\RELÛGIO\RELOGIO.ASM 204 : Found directive in column 1. (END)
