Warning[205] E:\IFRN\MICROCONTROLADORES\AULAS DE ASSEMBLY (PEDRO VICTOR)\CÛDIGO PARA A PROVA DO 2∫ BIMESTRE\CONTADOR_COM_BOTOES.ASM 7 : Found directive in column 1. (CONFIG)
Warning[205] E:\IFRN\MICROCONTROLADORES\AULAS DE ASSEMBLY (PEDRO VICTOR)\CÛDIGO PARA A PROVA DO 2∫ BIMESTRE\CONTADOR_COM_BOTOES.ASM 8 : Found directive in column 1. (CONFIG)
Warning[205] E:\IFRN\MICROCONTROLADORES\AULAS DE ASSEMBLY (PEDRO VICTOR)\CÛDIGO PARA A PROVA DO 2∫ BIMESTRE\CONTADOR_COM_BOTOES.ASM 9 : Found directive in column 1. (CONFIG)
Warning[205] E:\IFRN\MICROCONTROLADORES\AULAS DE ASSEMBLY (PEDRO VICTOR)\CÛDIGO PARA A PROVA DO 2∫ BIMESTRE\CONTADOR_COM_BOTOES.ASM 10 : Found directive in column 1. (CONFIG)
Warning[205] E:\IFRN\MICROCONTROLADORES\AULAS DE ASSEMBLY (PEDRO VICTOR)\CÛDIGO PARA A PROVA DO 2∫ BIMESTRE\CONTADOR_COM_BOTOES.ASM 11 : Found directive in column 1. (CONFIG)
Warning[205] E:\IFRN\MICROCONTROLADORES\AULAS DE ASSEMBLY (PEDRO VICTOR)\CÛDIGO PARA A PROVA DO 2∫ BIMESTRE\CONTADOR_COM_BOTOES.ASM 12 : Found directive in column 1. (CONFIG)
Warning[205] E:\IFRN\MICROCONTROLADORES\AULAS DE ASSEMBLY (PEDRO VICTOR)\CÛDIGO PARA A PROVA DO 2∫ BIMESTRE\CONTADOR_COM_BOTOES.ASM 15 : Found directive in column 1. (org)
Warning[203] E:\IFRN\MICROCONTROLADORES\AULAS DE ASSEMBLY (PEDRO VICTOR)\CÛDIGO PARA A PROVA DO 2∫ BIMESTRE\CONTADOR_COM_BOTOES.ASM 16 : Found opcode in column 1. (goto)
Warning[205] E:\IFRN\MICROCONTROLADORES\AULAS DE ASSEMBLY (PEDRO VICTOR)\CÛDIGO PARA A PROVA DO 2∫ BIMESTRE\CONTADOR_COM_BOTOES.ASM 19 : Found directive in column 1. (org)
Warning[203] E:\IFRN\MICROCONTROLADORES\AULAS DE ASSEMBLY (PEDRO VICTOR)\CÛDIGO PARA A PROVA DO 2∫ BIMESTRE\CONTADOR_COM_BOTOES.ASM 21 : Found opcode in column 1. (bcf)
Warning[203] E:\IFRN\MICROCONTROLADORES\AULAS DE ASSEMBLY (PEDRO VICTOR)\CÛDIGO PARA A PROVA DO 2∫ BIMESTRE\CONTADOR_COM_BOTOES.ASM 22 : Found opcode in column 1. (movlw)
Warning[203] E:\IFRN\MICROCONTROLADORES\AULAS DE ASSEMBLY (PEDRO VICTOR)\CÛDIGO PARA A PROVA DO 2∫ BIMESTRE\CONTADOR_COM_BOTOES.ASM 23 : Found opcode in column 1. (movwf)
Warning[203] E:\IFRN\MICROCONTROLADORES\AULAS DE ASSEMBLY (PEDRO VICTOR)\CÛDIGO PARA A PROVA DO 2∫ BIMESTRE\CONTADOR_COM_BOTOES.ASM 24 : Found opcode in column 1. (movlw)
Warning[203] E:\IFRN\MICROCONTROLADORES\AULAS DE ASSEMBLY (PEDRO VICTOR)\CÛDIGO PARA A PROVA DO 2∫ BIMESTRE\CONTADOR_COM_BOTOES.ASM 25 : Found opcode in column 1. (movwf)
Warning[203] E:\IFRN\MICROCONTROLADORES\AULAS DE ASSEMBLY (PEDRO VICTOR)\CÛDIGO PARA A PROVA DO 2∫ BIMESTRE\CONTADOR_COM_BOTOES.ASM 26 : Found opcode in column 1. (INCF)
Error[113]   E:\IFRN\MICROCONTROLADORES\AULAS DE ASSEMBLY (PEDRO VICTOR)\CÛDIGO PARA A PROVA DO 2∫ BIMESTRE\CONTADOR_COM_BOTOES.ASM 26 : Symbol not previously defined (UNIDADE)
Warning[203] E:\IFRN\MICROCONTROLADORES\AULAS DE ASSEMBLY (PEDRO VICTOR)\CÛDIGO PARA A PROVA DO 2∫ BIMESTRE\CONTADOR_COM_BOTOES.ASM 27 : Found opcode in column 1. (retfie)
Warning[205] E:\IFRN\MICROCONTROLADORES\AULAS DE ASSEMBLY (PEDRO VICTOR)\CÛDIGO PARA A PROVA DO 2∫ BIMESTRE\CONTADOR_COM_BOTOES.ASM 30 : Found directive in column 1. (org)
Warning[203] E:\IFRN\MICROCONTROLADORES\AULAS DE ASSEMBLY (PEDRO VICTOR)\CÛDIGO PARA A PROVA DO 2∫ BIMESTRE\CONTADOR_COM_BOTOES.ASM 32 : Found opcode in column 1. (bcf)
Warning[203] E:\IFRN\MICROCONTROLADORES\AULAS DE ASSEMBLY (PEDRO VICTOR)\CÛDIGO PARA A PROVA DO 2∫ BIMESTRE\CONTADOR_COM_BOTOES.ASM 33 : Found opcode in column 1. (movlw)
Warning[203] E:\IFRN\MICROCONTROLADORES\AULAS DE ASSEMBLY (PEDRO VICTOR)\CÛDIGO PARA A PROVA DO 2∫ BIMESTRE\CONTADOR_COM_BOTOES.ASM 34 : Found opcode in column 1. (movwf)
Warning[203] E:\IFRN\MICROCONTROLADORES\AULAS DE ASSEMBLY (PEDRO VICTOR)\CÛDIGO PARA A PROVA DO 2∫ BIMESTRE\CONTADOR_COM_BOTOES.ASM 35 : Found opcode in column 1. (movlw)
Warning[203] E:\IFRN\MICROCONTROLADORES\AULAS DE ASSEMBLY (PEDRO VICTOR)\CÛDIGO PARA A PROVA DO 2∫ BIMESTRE\CONTADOR_COM_BOTOES.ASM 36 : Found opcode in column 1. (movwf)
Warning[203] E:\IFRN\MICROCONTROLADORES\AULAS DE ASSEMBLY (PEDRO VICTOR)\CÛDIGO PARA A PROVA DO 2∫ BIMESTRE\CONTADOR_COM_BOTOES.ASM 37 : Found opcode in column 1. (INCF)
Warning[203] E:\IFRN\MICROCONTROLADORES\AULAS DE ASSEMBLY (PEDRO VICTOR)\CÛDIGO PARA A PROVA DO 2∫ BIMESTRE\CONTADOR_COM_BOTOES.ASM 38 : Found opcode in column 1. (retfie)
Warning[203] E:\IFRN\MICROCONTROLADORES\AULAS DE ASSEMBLY (PEDRO VICTOR)\CÛDIGO PARA A PROVA DO 2∫ BIMESTRE\CONTADOR_COM_BOTOES.ASM 42 : Found opcode in column 1. (andlw)
Warning[203] E:\IFRN\MICROCONTROLADORES\AULAS DE ASSEMBLY (PEDRO VICTOR)\CÛDIGO PARA A PROVA DO 2∫ BIMESTRE\CONTADOR_COM_BOTOES.ASM 43 : Found opcode in column 1. (RLNCF)
Warning[203] E:\IFRN\MICROCONTROLADORES\AULAS DE ASSEMBLY (PEDRO VICTOR)\CÛDIGO PARA A PROVA DO 2∫ BIMESTRE\CONTADOR_COM_BOTOES.ASM 44 : Found opcode in column 1. (addwf)
Warning[203] E:\IFRN\MICROCONTROLADORES\AULAS DE ASSEMBLY (PEDRO VICTOR)\CÛDIGO PARA A PROVA DO 2∫ BIMESTRE\CONTADOR_COM_BOTOES.ASM 47 : Found opcode in column 1. (RETLW)
Warning[203] E:\IFRN\MICROCONTROLADORES\AULAS DE ASSEMBLY (PEDRO VICTOR)\CÛDIGO PARA A PROVA DO 2∫ BIMESTRE\CONTADOR_COM_BOTOES.ASM 48 : Found opcode in column 1. (RETLW)
Warning[203] E:\IFRN\MICROCONTROLADORES\AULAS DE ASSEMBLY (PEDRO VICTOR)\CÛDIGO PARA A PROVA DO 2∫ BIMESTRE\CONTADOR_COM_BOTOES.ASM 49 : Found opcode in column 1. (RETLW)
Warning[203] E:\IFRN\MICROCONTROLADORES\AULAS DE ASSEMBLY (PEDRO VICTOR)\CÛDIGO PARA A PROVA DO 2∫ BIMESTRE\CONTADOR_COM_BOTOES.ASM 50 : Found opcode in column 1. (RETLW)
Warning[203] E:\IFRN\MICROCONTROLADORES\AULAS DE ASSEMBLY (PEDRO VICTOR)\CÛDIGO PARA A PROVA DO 2∫ BIMESTRE\CONTADOR_COM_BOTOES.ASM 51 : Found opcode in column 1. (RETLW)
Warning[203] E:\IFRN\MICROCONTROLADORES\AULAS DE ASSEMBLY (PEDRO VICTOR)\CÛDIGO PARA A PROVA DO 2∫ BIMESTRE\CONTADOR_COM_BOTOES.ASM 52 : Found opcode in column 1. (RETLW)
Warning[203] E:\IFRN\MICROCONTROLADORES\AULAS DE ASSEMBLY (PEDRO VICTOR)\CÛDIGO PARA A PROVA DO 2∫ BIMESTRE\CONTADOR_COM_BOTOES.ASM 53 : Found opcode in column 1. (RETLW)
Warning[203] E:\IFRN\MICROCONTROLADORES\AULAS DE ASSEMBLY (PEDRO VICTOR)\CÛDIGO PARA A PROVA DO 2∫ BIMESTRE\CONTADOR_COM_BOTOES.ASM 54 : Found opcode in column 1. (RETLW)
Warning[203] E:\IFRN\MICROCONTROLADORES\AULAS DE ASSEMBLY (PEDRO VICTOR)\CÛDIGO PARA A PROVA DO 2∫ BIMESTRE\CONTADOR_COM_BOTOES.ASM 55 : Found opcode in column 1. (RETLW)
Warning[203] E:\IFRN\MICROCONTROLADORES\AULAS DE ASSEMBLY (PEDRO VICTOR)\CÛDIGO PARA A PROVA DO 2∫ BIMESTRE\CONTADOR_COM_BOTOES.ASM 56 : Found opcode in column 1. (RETLW)
Warning[203] E:\IFRN\MICROCONTROLADORES\AULAS DE ASSEMBLY (PEDRO VICTOR)\CÛDIGO PARA A PROVA DO 2∫ BIMESTRE\CONTADOR_COM_BOTOES.ASM 62 : Found opcode in column 1. (movlw)
Warning[203] E:\IFRN\MICROCONTROLADORES\AULAS DE ASSEMBLY (PEDRO VICTOR)\CÛDIGO PARA A PROVA DO 2∫ BIMESTRE\CONTADOR_COM_BOTOES.ASM 63 : Found opcode in column 1. (movwf)
Warning[203] E:\IFRN\MICROCONTROLADORES\AULAS DE ASSEMBLY (PEDRO VICTOR)\CÛDIGO PARA A PROVA DO 2∫ BIMESTRE\CONTADOR_COM_BOTOES.ASM 64 : Found opcode in column 1. (bcf)
Warning[203] E:\IFRN\MICROCONTROLADORES\AULAS DE ASSEMBLY (PEDRO VICTOR)\CÛDIGO PARA A PROVA DO 2∫ BIMESTRE\CONTADOR_COM_BOTOES.ASM 65 : Found opcode in column 1. (bcf)
Warning[203] E:\IFRN\MICROCONTROLADORES\AULAS DE ASSEMBLY (PEDRO VICTOR)\CÛDIGO PARA A PROVA DO 2∫ BIMESTRE\CONTADOR_COM_BOTOES.ASM 67 : Found opcode in column 1. (movlw)
Warning[203] E:\IFRN\MICROCONTROLADORES\AULAS DE ASSEMBLY (PEDRO VICTOR)\CÛDIGO PARA A PROVA DO 2∫ BIMESTRE\CONTADOR_COM_BOTOES.ASM 68 : Found opcode in column 1. (movwf)
Warning[203] E:\IFRN\MICROCONTROLADORES\AULAS DE ASSEMBLY (PEDRO VICTOR)\CÛDIGO PARA A PROVA DO 2∫ BIMESTRE\CONTADOR_COM_BOTOES.ASM 70 : Found opcode in column 1. (movlw)
Warning[203] E:\IFRN\MICROCONTROLADORES\AULAS DE ASSEMBLY (PEDRO VICTOR)\CÛDIGO PARA A PROVA DO 2∫ BIMESTRE\CONTADOR_COM_BOTOES.ASM 71 : Found opcode in column 1. (movwf)
Warning[203] E:\IFRN\MICROCONTROLADORES\AULAS DE ASSEMBLY (PEDRO VICTOR)\CÛDIGO PARA A PROVA DO 2∫ BIMESTRE\CONTADOR_COM_BOTOES.ASM 72 : Found opcode in column 1. (movlw)
Warning[203] E:\IFRN\MICROCONTROLADORES\AULAS DE ASSEMBLY (PEDRO VICTOR)\CÛDIGO PARA A PROVA DO 2∫ BIMESTRE\CONTADOR_COM_BOTOES.ASM 73 : Found opcode in column 1. (movwf)
Warning[203] E:\IFRN\MICROCONTROLADORES\AULAS DE ASSEMBLY (PEDRO VICTOR)\CÛDIGO PARA A PROVA DO 2∫ BIMESTRE\CONTADOR_COM_BOTOES.ASM 74 : Found opcode in column 1. (movlw)
Warning[203] E:\IFRN\MICROCONTROLADORES\AULAS DE ASSEMBLY (PEDRO VICTOR)\CÛDIGO PARA A PROVA DO 2∫ BIMESTRE\CONTADOR_COM_BOTOES.ASM 75 : Found opcode in column 1. (movwf)
Warning[203] E:\IFRN\MICROCONTROLADORES\AULAS DE ASSEMBLY (PEDRO VICTOR)\CÛDIGO PARA A PROVA DO 2∫ BIMESTRE\CONTADOR_COM_BOTOES.ASM 76 : Found opcode in column 1. (movlw)
Warning[203] E:\IFRN\MICROCONTROLADORES\AULAS DE ASSEMBLY (PEDRO VICTOR)\CÛDIGO PARA A PROVA DO 2∫ BIMESTRE\CONTADOR_COM_BOTOES.ASM 77 : Found opcode in column 1. (movwf)
Warning[203] E:\IFRN\MICROCONTROLADORES\AULAS DE ASSEMBLY (PEDRO VICTOR)\CÛDIGO PARA A PROVA DO 2∫ BIMESTRE\CONTADOR_COM_BOTOES.ASM 80 : Found opcode in column 1. (movlw)
Warning[203] E:\IFRN\MICROCONTROLADORES\AULAS DE ASSEMBLY (PEDRO VICTOR)\CÛDIGO PARA A PROVA DO 2∫ BIMESTRE\CONTADOR_COM_BOTOES.ASM 81 : Found opcode in column 1. (movwf)
Warning[203] E:\IFRN\MICROCONTROLADORES\AULAS DE ASSEMBLY (PEDRO VICTOR)\CÛDIGO PARA A PROVA DO 2∫ BIMESTRE\CONTADOR_COM_BOTOES.ASM 83 : Found opcode in column 1. (movlw)
Warning[203] E:\IFRN\MICROCONTROLADORES\AULAS DE ASSEMBLY (PEDRO VICTOR)\CÛDIGO PARA A PROVA DO 2∫ BIMESTRE\CONTADOR_COM_BOTOES.ASM 84 : Found opcode in column 1. (movwf)
Warning[203] E:\IFRN\MICROCONTROLADORES\AULAS DE ASSEMBLY (PEDRO VICTOR)\CÛDIGO PARA A PROVA DO 2∫ BIMESTRE\CONTADOR_COM_BOTOES.ASM 86 : Found opcode in column 1. (bsf)
Warning[203] E:\IFRN\MICROCONTROLADORES\AULAS DE ASSEMBLY (PEDRO VICTOR)\CÛDIGO PARA A PROVA DO 2∫ BIMESTRE\CONTADOR_COM_BOTOES.ASM 87 : Found opcode in column 1. (movlw)
Warning[203] E:\IFRN\MICROCONTROLADORES\AULAS DE ASSEMBLY (PEDRO VICTOR)\CÛDIGO PARA A PROVA DO 2∫ BIMESTRE\CONTADOR_COM_BOTOES.ASM 88 : Found opcode in column 1. (movwf)
Warning[203] E:\IFRN\MICROCONTROLADORES\AULAS DE ASSEMBLY (PEDRO VICTOR)\CÛDIGO PARA A PROVA DO 2∫ BIMESTRE\CONTADOR_COM_BOTOES.ASM 89 : Found opcode in column 1. (movlw)
Warning[203] E:\IFRN\MICROCONTROLADORES\AULAS DE ASSEMBLY (PEDRO VICTOR)\CÛDIGO PARA A PROVA DO 2∫ BIMESTRE\CONTADOR_COM_BOTOES.ASM 90 : Found opcode in column 1. (movwf)
Warning[203] E:\IFRN\MICROCONTROLADORES\AULAS DE ASSEMBLY (PEDRO VICTOR)\CÛDIGO PARA A PROVA DO 2∫ BIMESTRE\CONTADOR_COM_BOTOES.ASM 91 : Found opcode in column 1. (bcf)
Warning[203] E:\IFRN\MICROCONTROLADORES\AULAS DE ASSEMBLY (PEDRO VICTOR)\CÛDIGO PARA A PROVA DO 2∫ BIMESTRE\CONTADOR_COM_BOTOES.ASM 92 : Found opcode in column 1. (bsf)
Warning[203] E:\IFRN\MICROCONTROLADORES\AULAS DE ASSEMBLY (PEDRO VICTOR)\CÛDIGO PARA A PROVA DO 2∫ BIMESTRE\CONTADOR_COM_BOTOES.ASM 97 : Found opcode in column 1. (movlw)
Warning[203] E:\IFRN\MICROCONTROLADORES\AULAS DE ASSEMBLY (PEDRO VICTOR)\CÛDIGO PARA A PROVA DO 2∫ BIMESTRE\CONTADOR_COM_BOTOES.ASM 98 : Found opcode in column 1. (CPFSEQ)
Error[113]   E:\IFRN\MICROCONTROLADORES\AULAS DE ASSEMBLY (PEDRO VICTOR)\CÛDIGO PARA A PROVA DO 2∫ BIMESTRE\CONTADOR_COM_BOTOES.ASM 98 : Symbol not previously defined (UNIDADE)
Warning[203] E:\IFRN\MICROCONTROLADORES\AULAS DE ASSEMBLY (PEDRO VICTOR)\CÛDIGO PARA A PROVA DO 2∫ BIMESTRE\CONTADOR_COM_BOTOES.ASM 99 : Found opcode in column 1. (goto)
Warning[203] E:\IFRN\MICROCONTROLADORES\AULAS DE ASSEMBLY (PEDRO VICTOR)\CÛDIGO PARA A PROVA DO 2∫ BIMESTRE\CONTADOR_COM_BOTOES.ASM 100 : Found opcode in column 1. (goto)
Warning[203] E:\IFRN\MICROCONTROLADORES\AULAS DE ASSEMBLY (PEDRO VICTOR)\CÛDIGO PARA A PROVA DO 2∫ BIMESTRE\CONTADOR_COM_BOTOES.ASM 104 : Found opcode in column 1. (movlw)
Warning[203] E:\IFRN\MICROCONTROLADORES\AULAS DE ASSEMBLY (PEDRO VICTOR)\CÛDIGO PARA A PROVA DO 2∫ BIMESTRE\CONTADOR_COM_BOTOES.ASM 105 : Found opcode in column 1. (CPFSEQ)
Warning[203] E:\IFRN\MICROCONTROLADORES\AULAS DE ASSEMBLY (PEDRO VICTOR)\CÛDIGO PARA A PROVA DO 2∫ BIMESTRE\CONTADOR_COM_BOTOES.ASM 106 : Found opcode in column 1. (goto)
Warning[203] E:\IFRN\MICROCONTROLADORES\AULAS DE ASSEMBLY (PEDRO VICTOR)\CÛDIGO PARA A PROVA DO 2∫ BIMESTRE\CONTADOR_COM_BOTOES.ASM 107 : Found opcode in column 1. (goto)
Warning[203] E:\IFRN\MICROCONTROLADORES\AULAS DE ASSEMBLY (PEDRO VICTOR)\CÛDIGO PARA A PROVA DO 2∫ BIMESTRE\CONTADOR_COM_BOTOES.ASM 111 : Found opcode in column 1. (movlw)
Warning[203] E:\IFRN\MICROCONTROLADORES\AULAS DE ASSEMBLY (PEDRO VICTOR)\CÛDIGO PARA A PROVA DO 2∫ BIMESTRE\CONTADOR_COM_BOTOES.ASM 112 : Found opcode in column 1. (CPFSEQ)
Warning[203] E:\IFRN\MICROCONTROLADORES\AULAS DE ASSEMBLY (PEDRO VICTOR)\CÛDIGO PARA A PROVA DO 2∫ BIMESTRE\CONTADOR_COM_BOTOES.ASM 113 : Found opcode in column 1. (goto)
Warning[203] E:\IFRN\MICROCONTROLADORES\AULAS DE ASSEMBLY (PEDRO VICTOR)\CÛDIGO PARA A PROVA DO 2∫ BIMESTRE\CONTADOR_COM_BOTOES.ASM 114 : Found opcode in column 1. (goto)
Warning[203] E:\IFRN\MICROCONTROLADORES\AULAS DE ASSEMBLY (PEDRO VICTOR)\CÛDIGO PARA A PROVA DO 2∫ BIMESTRE\CONTADOR_COM_BOTOES.ASM 118 : Found opcode in column 1. (bcf)
Warning[203] E:\IFRN\MICROCONTROLADORES\AULAS DE ASSEMBLY (PEDRO VICTOR)\CÛDIGO PARA A PROVA DO 2∫ BIMESTRE\CONTADOR_COM_BOTOES.ASM 119 : Found opcode in column 1. (movf)
Warning[203] E:\IFRN\MICROCONTROLADORES\AULAS DE ASSEMBLY (PEDRO VICTOR)\CÛDIGO PARA A PROVA DO 2∫ BIMESTRE\CONTADOR_COM_BOTOES.ASM 120 : Found opcode in column 1. (RCALL)
Warning[203] E:\IFRN\MICROCONTROLADORES\AULAS DE ASSEMBLY (PEDRO VICTOR)\CÛDIGO PARA A PROVA DO 2∫ BIMESTRE\CONTADOR_COM_BOTOES.ASM 121 : Found opcode in column 1. (movwf)
Warning[203] E:\IFRN\MICROCONTROLADORES\AULAS DE ASSEMBLY (PEDRO VICTOR)\CÛDIGO PARA A PROVA DO 2∫ BIMESTRE\CONTADOR_COM_BOTOES.ASM 122 : Found opcode in column 1. (bsf)
Warning[203] E:\IFRN\MICROCONTROLADORES\AULAS DE ASSEMBLY (PEDRO VICTOR)\CÛDIGO PARA A PROVA DO 2∫ BIMESTRE\CONTADOR_COM_BOTOES.ASM 123 : Found opcode in column 1. (goto)
Warning[203] E:\IFRN\MICROCONTROLADORES\AULAS DE ASSEMBLY (PEDRO VICTOR)\CÛDIGO PARA A PROVA DO 2∫ BIMESTRE\CONTADOR_COM_BOTOES.ASM 127 : Found opcode in column 1. (movlw)
Warning[203] E:\IFRN\MICROCONTROLADORES\AULAS DE ASSEMBLY (PEDRO VICTOR)\CÛDIGO PARA A PROVA DO 2∫ BIMESTRE\CONTADOR_COM_BOTOES.ASM 128 : Found opcode in column 1. (CPFSEQ)
Warning[203] E:\IFRN\MICROCONTROLADORES\AULAS DE ASSEMBLY (PEDRO VICTOR)\CÛDIGO PARA A PROVA DO 2∫ BIMESTRE\CONTADOR_COM_BOTOES.ASM 129 : Found opcode in column 1. (goto)
Warning[203] E:\IFRN\MICROCONTROLADORES\AULAS DE ASSEMBLY (PEDRO VICTOR)\CÛDIGO PARA A PROVA DO 2∫ BIMESTRE\CONTADOR_COM_BOTOES.ASM 130 : Found opcode in column 1. (goto)
Warning[203] E:\IFRN\MICROCONTROLADORES\AULAS DE ASSEMBLY (PEDRO VICTOR)\CÛDIGO PARA A PROVA DO 2∫ BIMESTRE\CONTADOR_COM_BOTOES.ASM 134 : Found opcode in column 1. (bcf)
Warning[203] E:\IFRN\MICROCONTROLADORES\AULAS DE ASSEMBLY (PEDRO VICTOR)\CÛDIGO PARA A PROVA DO 2∫ BIMESTRE\CONTADOR_COM_BOTOES.ASM 135 : Found opcode in column 1. (movf)
Error[113]   E:\IFRN\MICROCONTROLADORES\AULAS DE ASSEMBLY (PEDRO VICTOR)\CÛDIGO PARA A PROVA DO 2∫ BIMESTRE\CONTADOR_COM_BOTOES.ASM 135 : Symbol not previously defined (UNIDADE)
Warning[203] E:\IFRN\MICROCONTROLADORES\AULAS DE ASSEMBLY (PEDRO VICTOR)\CÛDIGO PARA A PROVA DO 2∫ BIMESTRE\CONTADOR_COM_BOTOES.ASM 136 : Found opcode in column 1. (RCALL)
Warning[203] E:\IFRN\MICROCONTROLADORES\AULAS DE ASSEMBLY (PEDRO VICTOR)\CÛDIGO PARA A PROVA DO 2∫ BIMESTRE\CONTADOR_COM_BOTOES.ASM 137 : Found opcode in column 1. (movwf)
Warning[203] E:\IFRN\MICROCONTROLADORES\AULAS DE ASSEMBLY (PEDRO VICTOR)\CÛDIGO PARA A PROVA DO 2∫ BIMESTRE\CONTADOR_COM_BOTOES.ASM 138 : Found opcode in column 1. (bsf)
Warning[203] E:\IFRN\MICROCONTROLADORES\AULAS DE ASSEMBLY (PEDRO VICTOR)\CÛDIGO PARA A PROVA DO 2∫ BIMESTRE\CONTADOR_COM_BOTOES.ASM 139 : Found opcode in column 1. (goto)
Warning[203] E:\IFRN\MICROCONTROLADORES\AULAS DE ASSEMBLY (PEDRO VICTOR)\CÛDIGO PARA A PROVA DO 2∫ BIMESTRE\CONTADOR_COM_BOTOES.ASM 143 : Found opcode in column 1. (clrf)
Warning[203] E:\IFRN\MICROCONTROLADORES\AULAS DE ASSEMBLY (PEDRO VICTOR)\CÛDIGO PARA A PROVA DO 2∫ BIMESTRE\CONTADOR_COM_BOTOES.ASM 144 : Found opcode in column 1. (goto)
Warning[203] E:\IFRN\MICROCONTROLADORES\AULAS DE ASSEMBLY (PEDRO VICTOR)\CÛDIGO PARA A PROVA DO 2∫ BIMESTRE\CONTADOR_COM_BOTOES.ASM 148 : Found opcode in column 1. (clrf)
Error[113]   E:\IFRN\MICROCONTROLADORES\AULAS DE ASSEMBLY (PEDRO VICTOR)\CÛDIGO PARA A PROVA DO 2∫ BIMESTRE\CONTADOR_COM_BOTOES.ASM 148 : Symbol not previously defined (UNIDADE)
Warning[203] E:\IFRN\MICROCONTROLADORES\AULAS DE ASSEMBLY (PEDRO VICTOR)\CÛDIGO PARA A PROVA DO 2∫ BIMESTRE\CONTADOR_COM_BOTOES.ASM 149 : Found opcode in column 1. (INCF)
Warning[203] E:\IFRN\MICROCONTROLADORES\AULAS DE ASSEMBLY (PEDRO VICTOR)\CÛDIGO PARA A PROVA DO 2∫ BIMESTRE\CONTADOR_COM_BOTOES.ASM 150 : Found opcode in column 1. (goto)
Warning[203] E:\IFRN\MICROCONTROLADORES\AULAS DE ASSEMBLY (PEDRO VICTOR)\CÛDIGO PARA A PROVA DO 2∫ BIMESTRE\CONTADOR_COM_BOTOES.ASM 154 : Found opcode in column 1. (clrf)
Error[113]   E:\IFRN\MICROCONTROLADORES\AULAS DE ASSEMBLY (PEDRO VICTOR)\CÛDIGO PARA A PROVA DO 2∫ BIMESTRE\CONTADOR_COM_BOTOES.ASM 154 : Symbol not previously defined (UNIDADE)
Warning[203] E:\IFRN\MICROCONTROLADORES\AULAS DE ASSEMBLY (PEDRO VICTOR)\CÛDIGO PARA A PROVA DO 2∫ BIMESTRE\CONTADOR_COM_BOTOES.ASM 155 : Found opcode in column 1. (clrf)
Warning[203] E:\IFRN\MICROCONTROLADORES\AULAS DE ASSEMBLY (PEDRO VICTOR)\CÛDIGO PARA A PROVA DO 2∫ BIMESTRE\CONTADOR_COM_BOTOES.ASM 156 : Found opcode in column 1. (goto)
Warning[205] E:\IFRN\MICROCONTROLADORES\AULAS DE ASSEMBLY (PEDRO VICTOR)\CÛDIGO PARA A PROVA DO 2∫ BIMESTRE\CONTADOR_COM_BOTOES.ASM 160 : Found directive in column 1. (END)
